Operating system: Linux
                  0.0.0 Linux 3.10.0-1160.62.1.el7.x86_64 #1 SMP Wed Mar 23 09:04:02 UTC 2022 x86_64
CPU: amd64
     family 6 model 85 stepping 7
     1 CPU

GPU: UNKNOWN

Crash reason:  DUMP_REQUESTED
Crash address: 0x7fe7c9630406
Process uptime: not available

Thread 0 (crashed)
 0  libcbreakpad.so + 0x36406
    rax = 0x0000000000000000   rdx = 0x0000000000000000
    rcx = 0x00007fe7c962ecb2   rbx = 0x00007fe7c2025ea0
    rsi = 0x0000000000000001   rdi = 0x00007fe7c2025828
    rbp = 0x00007fe7c2025de0   rsp = 0x00007fe7c2025790
     r8 = 0x0000000000000000    r9 = 0x0000000000000000
    r10 = 0x0000000000000000   r11 = 0x0000000000000000
    r12 = 0x0000000000000000   r13 = 0x00007fe7c2026198
    r14 = 0x00007fe7c2025e20   r15 = 0x0000000000cfad4d
    rip = 0x00007fe7c9630406
    Found by: given as instruction pointer in context
 1  libcbreakpad.so + 0x34672
    rbp = 0x00007fe7c2025f30   rsp = 0x00007fe7c2025df0
    rip = 0x00007fe7c962e672
    Found by: previous frame's frame pointer
 2  xmsim + 0x7adbe0
    rbp = 0x00007fe7c2025f30   rsp = 0x00007fe7c2025e88
    rip = 0x0000000000badbe0
    Found by: stack scanning
 3  xmsim + 0x16da247
    rsp = 0x00007fe7c2025f40   rip = 0x0000000001ada247
    Found by: stack scanning
 4  libc-2.17.so + 0x2037b0
    rsp = 0x00007fe7c2025f60   rip = 0x00007fe7c9a357b0
    Found by: stack scanning
 5  libxmjudy.so.1.0.3 + 0x61213
    rsp = 0x00007fe7c2025f70   rip = 0x00007fe7c95c2213
    Found by: stack scanning
 6  xmsim + 0x209c978
    rsp = 0x00007fe7c2025fd0   rip = 0x000000000249c978
    Found by: stack scanning
 7  libxmjudy.so.1.0.3 + 0x60dee
    rsp = 0x00007fe7c2025fd8   rip = 0x00007fe7c95c1dee
    Found by: stack scanning
 8  xmsim + 0x16b17b5
    rsp = 0x00007fe7c2025ff0   rip = 0x0000000001ab17b5
    Found by: stack scanning
 9  libc-2.17.so + 0x82135
    rsp = 0x00007fe7c2026000   rip = 0x00007fe7c96f0135
    Found by: stack scanning
10  libc-2.17.so + 0x203760
    rsp = 0x00007fe7c20260b0   rip = 0x00007fe7c9a35760
    Found by: stack scanning
11  xmsim + 0x16bb8aa
    rsp = 0x00007fe7c2026100   rip = 0x0000000001abb8aa
    Found by: stack scanning
12  xmsim + 0x170b2c
    rsp = 0x00007fe7c2026108   rip = 0x00000000032a8b2c
    Found by: stack scanning
13  xmsim + 0x16baa7b
    rsp = 0x00007fe7c2026110   rip = 0x0000000001abaa7b
    Found by: stack scanning
14  libc-2.17.so + 0x39226
    rsp = 0x00007fe7c2026150   rip = 0x00007fe7c96a7226
    Found by: stack scanning
15  xmsim + 0x8fad4d
    rsp = 0x00007fe7c2026188   rip = 0x0000000000cfad4d
    Found by: stack scanning
16  xmsim + 0x16dbe75
    rsp = 0x00007fe7c2026190   rip = 0x0000000001adbe75
    Found by: stack scanning
17  xmsim + 0x22f4a18
    rsp = 0x00007fe7c20261c0   rip = 0x00000000026f4a18
    Found by: stack scanning
18  xmsim + 0x8034e5
    rsp = 0x00007fe7c2026240   rip = 0x0000000000c034e5
    Found by: stack scanning
19  xmsim + 0x861b39
    rsp = 0x00007fe7c2026260   rip = 0x0000000000c61b39
    Found by: stack scanning
20  xmsim + 0x866ff4
    rsp = 0x00007fe7c2026270   rip = 0x0000000000c66ff4
    Found by: stack scanning
21  xmsim + 0x8675ed
    rsp = 0x00007fe7c2026350   rip = 0x0000000000c675ed
    Found by: stack scanning
22  libpthread-2.17.so + 0xf630
    rsp = 0x00007fe7c2026380   rip = 0x00007fe7c9f6b630
    Found by: stack scanning
23  xmsim + 0x8fad4d
    rsp = 0x00007fe7c2026430   rip = 0x0000000000cfad4d
    Found by: stack scanning
24  xmsim + 0x1672d61
    rsp = 0x00007fe7c2026550   rip = 0x0000000001a72d61
    Found by: stack scanning
25  xmsim + 0xbfffff
    rsp = 0x00007fe7c2026678   rip = 0x0000000000ffffff
    Found by: stack scanning

Loaded modules:
0x00400000 - 0x03136fff  xmsim  ???  (main)  (WARNING: No symbols, xmsim, F324402E1111A32E4D03379787A75D4E0)
0x03138000 - 0x03342fff  xmsim  ???  (WARNING: No symbols, xmsim, 000000000000000000000000000000000)
0x7fe7b87f2000 - 0x7fe7b8df8fff  libucis.so  ???
0x7fe7b9393000 - 0x7fe7b9399fff  gconv-modules.cache  ???
0x7fe7bab49000 - 0x7fe7bab58fff  waves.dsn  ???
0x7fe7bb0f1000 - 0x7fe7bb15afff  libuvmapi_sv.so  ???
0x7fe7bb15b000 - 0x7fe7bb15efff  libuvmapi_sv.so  ???
0x7fe7bb15f000 - 0x7fe7bb1dbfff  libuvmapi_generic.so  ???
0x7fe7bbca3000 - 0x7fe7bbcabfff  libxdt.so  ???
0x7fe7bbfb2000 - 0x7fe7bbfb7fff  libuvmdpi.so  ???
0x7fe7bbfb8000 - 0x7fe7bbfbafff  libuvmdpi.so  ???
0x7fe7bbfbb000 - 0x7fe7bbfdcfff  libsdi2-sst2-nld.so  ???
0x7fe7bbfdd000 - 0x7fe7bc04ffff  libdwapi.so  ???
0x7fe7bc050000 - 0x7fe7bc054fff  libdwapi.so  ???
0x7fe7bc2ef000 - 0x7fe7bc2f5fff  librt-2.17.so  ???
0x7fe7bc2f6000 - 0x7fe7bc4f6fff  librt-2.17.so  ???
0x7fe7bc4f7000 - 0x7fe7bd53efff  librnc.so  ???
0x7fe7bd53f000 - 0x7fe7bd5d3fff  librnc.so  ???
0x7fe7c156a000 - 0x7fe7c157efff  libz.so.1.2.7  ???
0x7fe7c157f000 - 0x7fe7c177ffff  libz.so.1.2.7  ???
0x7fe7c1784000 - 0x7fe7c179efff  libz_sh.so  ???
0x7fe7c2070000 - 0x7fe7c222afff  libStrapNC.so  ???
0x7fe7c2236000 - 0x7fe7c22e8fff  libdcapi.so  ???
0x7fe7c22e9000 - 0x7fe7c22f5fff  libdcapi.so  ???
0x7fe7c22f7000 - 0x7fe7c2b61fff  passwd  ???
0x7fe7c2b62000 - 0x7fe7c2b69fff  libnss_sss.so.2  ???
0x7fe7c2b6a000 - 0x7fe7c2d6afff  libnss_sss.so.2  ???
0x7fe7c2d6b000 - 0x7fe7c2d76fff  libnss_files-2.17.so  ???
0x7fe7c2d77000 - 0x7fe7c2f77fff  libnss_files-2.17.so  ???
0x7fe7c2f83000 - 0x7fe7c2f9cfff  libsdi-verilog-nld.so  ???
0x7fe7c2f9d000 - 0x7fe7c94dffff  locale-archive  ???
0x7fe7c9561000 - 0x7fe7c95f9fff  libxmjudy.so.1.0.3  ???  (WARNING: No symbols, libxmjudy.so.1.0.3, 1BCD1988D146E5D530A5DB45397246030)
0x7fe7c95fa000 - 0x7fe7c965efff  libcbreakpad.so  ???  (WARNING: No symbols, libcbreakpad.so, 1A0F7F62185D2C02CF86A6E6B7CC82920)
0x7fe7c965f000 - 0x7fe7c9663fff  libcbreakpad.so  ???
0x7fe7c966e000 - 0x7fe7c9831fff  libc-2.17.so  ???  (WARNING: No symbols, libc-2.17.so, 8EA54FFCA547C1AC37EADB7689BCE4350)
0x7fe7c9832000 - 0x7fe7c9a36fff  libc-2.17.so  ???  (WARNING: No symbols, libc-2.17.so, 000000000000000000000000000000000)
0x7fe7c9a3c000 - 0x7fe7c9a55fff  libgcc_s.so.1  ???
0x7fe7c9a56000 - 0x7fe7c9b56fff  libm-2.17.so  ???
0x7fe7c9b57000 - 0x7fe7c9d57fff  libm-2.17.so  ???
0x7fe7c9d58000 - 0x7fe7c9d59fff  libdl-2.17.so  ???
0x7fe7c9d5a000 - 0x7fe7c9f5bfff  libdl-2.17.so  ???
0x7fe7c9f5c000 - 0x7fe7c9f72fff  libpthread-2.17.so  ???  (WARNING: No symbols, libpthread-2.17.so, F2C80CE132B93DFCAEDA22F8DAC5EBB90)
0x7fe7c9f73000 - 0x7fe7ca173fff  libpthread-2.17.so  ???
0x7fe7ca178000 - 0x7fe7ca199fff  ld-2.17.so  ???
0x7fe7ca19e000 - 0x7fe7ca374fff  libstdc++.so.6.0.28  ???
0x7fe7ca37f000 - 0x7fe7ca383fff  _sv_export.so (deleted)  ???
0x7fe7ca384000 - 0x7fe7ca38bfff  libuvmpli.so  ???
0x7fe7ca38c000 - 0x7fe7ca395fff  libunicovdirmgr.so  ???
0x7fe7ca399000 - 0x7fe7ca39afff  ld-2.17.so  ???
0x7ffeedfe5000 - 0x7ffeedfe6fff  linux-gate.so  ???

******BACKTRACE*****
<unknown> (libcbreakpad.so) [0x7fe7c962e1a3]
<unknown> (libcbreakpad.so) [0x7fe7c962e630]
vserror (xmsim) [0x1ada247]
serror (xmsim) [0x1adbe75]
sv_seghandler_aux (xmsim) [0xc66ff4]
sv_seghandler (xmsim) [0xc675ed]
<unknown> (libpthread.so.0) [0x7fe7c9f6b630]
sss_load_trg_data (xmsim) [0xcfad4d]
sss_trdrv_type (xmsim) [0xcf01b4]
ssl_net_type (xmsim) [0xe05ac1]
cov_tog_isvalid_net (xmsim) [0x14ddf8a]
cov_tog_dump_vlog_helper (xmsim) [0x14ed8a8]
cov_tog_dump (xmsim) [0x14efa39]
cov_data_create_instance.part.0 (xmsim) [0x1532a49]
sslu_traverse_scopes (xmsim) [0xea1147]
traverseAllDut (xmsim) [0x150bc1c]
cov_data_dump (xmsim) [0x1534b1f]
cover_dump (xmsim) [0x7c1d30]
nc_prepare_to_exit (xmsim) [0x6faa67]
nc_fini0 (xmsim) [0x6fb180]
Tcl_Exit (xmsim) [0x13ea384]
exit_command (xmsim) [0x71dcb2]
cmd_wrapper (xmsim) [0xb91c97]
TclInvokeStringCommand (xmsim) [0x135c48b]
TclNRRunCallbacks (xmsim) [0x13613d7]
TclEvalEx (xmsim) [0x136363d]
Tcl_EvalEx (xmsim) [0x1363dc3]
Tcl_Eval (xmsim) [0x1363e0c]
cmd_tcl_run (xmsim) [0xb9574c]
xncmain (xmsim) [0x6f9c9f]
ncmain (xmsim) [0x6f88c1]
main (xmsim) [0x25228e3]
<unknown> (libc.so.6) [0x7fe7c9690555]
_start (xmsim) [0x63efce]
******BACKTRACE END*****