/mnt/apps/cadence/XCELIUM2303/tools.lnx86/inca/bin/64bit/xmsim
Obtained 34 stack frames.
/mnt/apps/cadence/XCELIUM2303/tools.lnx86/inca/bin/64bit/../../../lib/64bit/libcbreakpad.so(_Z13use_backtracev+0x9d) [0x7fb5ffd231a3]
/mnt/apps/cadence/XCELIUM2303/tools.lnx86/inca/bin/64bit/../../../lib/64bit/libcbreakpad.so(cbpad_generate_dump_on_demand+0x66) [0x7fb5ffd23630]
xmsim() [0x1ada247]
xmsim(serror+0x95) [0x1adbe75]
xmsim() [0xc66ff4]
xmsim() [0xc675ed]
/lib64/libpthread.so.0(+0xf630) [0x7fb600660630]
xmsim() [0xcfad4d]
xmsim() [0xcf01b4]
xmsim() [0xe05ac1]
xmsim() [0x14ddf8a]
xmsim() [0x14ed8a8]
xmsim() [0x14efa39]
xmsim() [0x1532a49]
xmsim(sslu_traverse_scopes+0x337) [0xea1147]
xmsim() [0x150bc1c]
xmsim() [0x1534b1f]
xmsim() [0x7c1d30]
xmsim() [0x6faa67]
xmsim() [0x6fb180]
xmsim(Tcl_Exit+0x24) [0x13ea384]
xmsim() [0x71dcb2]
xmsim() [0xb91c97]
xmsim(TclInvokeStringCommand+0x7b) [0x135c48b]
xmsim() [0x13613d7]
xmsim() [0x136363d]
xmsim(Tcl_EvalEx+0x13) [0x1363dc3]
xmsim(Tcl_Eval+0x3c) [0x1363e0c]
xmsim() [0xb9574c]
xmsim() [0x6f9c9f]
xmsim(ncmain+0x8a) [0x6f88c1]
xmsim(main+0x10) [0x25228e3]
/lib64/libc.so.6(__libc_start_main+0xf5) [0x7fb5ffd85555]
xmsim() [0x63efce]
