/mnt/apps/cadence/XCELIUM2303/tools.lnx86/simvision/bin/64bit/simvision.exe
Obtained 57 stack frames.
/mnt/apps/cadence/XCELIUM2303/tools.lnx86/simvision/bin/64bit/../../../lib/64bit/libcbreakpad.so(_Z13use_backtracev+0x9d) [0x7f7a272bc1a3]
/mnt/apps/cadence/XCELIUM2303/tools.lnx86/simvision/bin/64bit/../../../lib/64bit/libcbreakpad.so(cbpad_generate_dump_on_demand+0x66) [0x7f7a272bc630]
/mnt/apps/cadence/XCELIUM2303/tools.lnx86/simvision/bin/64bit/simvision.exe(svSigHandler+0xcf) [0x59bb13]
/lib64/libpthread.so.0(+0xf630) [0x7f7a29a65630]
/mnt/apps/cadence/XCELIUM2303/tools.lnx86/simvision/bin/64bit/simvision.exe() [0x752dff]
/mnt/apps/cadence/XCELIUM2303/tools.lnx86/simvision/bin/64bit/simvision.exe() [0x9fdb44]
/mnt/apps/cadence/XCELIUM2303/tools.lnx86/simvision/bin/64bit/simvision.exe() [0x6b6e35]
/mnt/apps/cadence/XCELIUM2303/tools.lnx86/simvision/bin/64bit/simvision.exe() [0x600769]
/mnt/apps/cadence/XCELIUM2303/tools.lnx86/simvision/bin/64bit/simvision.exe(da_delete+0x47) [0x600830]
/mnt/apps/cadence/XCELIUM2303/tools.lnx86/simvision/bin/64bit/simvision.exe() [0xb3690f]
/mnt/apps/cadence/XCELIUM2303/tools.lnx86/simvision/bin/64bit/simvision.exe() [0x6032e4]
/mnt/apps/cadence/XCELIUM2303/tools.lnx86/simvision/bin/64bit/simvision.exe() [0x6033d3]
/mnt/apps/cadence/XCELIUM2303/tools.lnx86/simvision/bin/64bit/simvision.exe() [0xe95a7c]
/mnt/apps/cadence/XCELIUM2303/tools.lnx86/simvision/bin/64bit/simvision.exe(Tcl_ServiceEvent+0x69) [0xe87d89]
/mnt/apps/cadence/XCELIUM2303/tools.lnx86/simvision/bin/64bit/simvision.exe(Tcl_DoOneEvent+0x149) [0xe88099]
/mnt/apps/cadence/XCELIUM2303/tools.lnx86/simvision/bin/64bit/simvision.exe(Tk_UpdateObjCmd+0x86) [0xebd92b]
/mnt/apps/cadence/XCELIUM2303/tools.lnx86/simvision/bin/64bit/simvision.exe(TclEvalObjvInternal+0x286) [0xe3fb36]
/mnt/apps/cadence/XCELIUM2303/tools.lnx86/simvision/bin/64bit/simvision.exe() [0xe66f1f]
/mnt/apps/cadence/XCELIUM2303/tools.lnx86/simvision/bin/64bit/simvision.exe(TclCompEvalObj+0xf0) [0xe6acf0]
/mnt/apps/cadence/XCELIUM2303/tools.lnx86/simvision/bin/64bit/simvision.exe(Tcl_EvalObjEx+0xb6) [0xe41ac6]
/mnt/apps/cadence/XCELIUM2303/tools.lnx86/simvision/bin/64bit/simvision.exe(Tcl_SwitchObjCmd+0x22d) [0xe5010d]
/mnt/apps/cadence/XCELIUM2303/tools.lnx86/simvision/bin/64bit/simvision.exe(TclEvalObjvInternal+0x286) [0xe3fb36]
/mnt/apps/cadence/XCELIUM2303/tools.lnx86/simvision/bin/64bit/simvision.exe() [0xe66f1f]
/mnt/apps/cadence/XCELIUM2303/tools.lnx86/simvision/bin/64bit/simvision.exe(TclCompEvalObj+0xf0) [0xe6acf0]
/mnt/apps/cadence/XCELIUM2303/tools.lnx86/simvision/bin/64bit/simvision.exe(Tcl_EvalObjEx+0xb6) [0xe41ac6]
/mnt/apps/cadence/XCELIUM2303/tools.lnx86/simvision/bin/64bit/simvision.exe(Itcl_EvalMemberCode+0x230) [0xf47e07]
/mnt/apps/cadence/XCELIUM2303/tools.lnx86/simvision/bin/64bit/simvision.exe(Itcl_ExecMethod+0xb7) [0xf487aa]
/mnt/apps/cadence/XCELIUM2303/tools.lnx86/simvision/bin/64bit/simvision.exe(Itcl_EvalArgs+0x47) [0xf4de3a]
/mnt/apps/cadence/XCELIUM2303/tools.lnx86/simvision/bin/64bit/simvision.exe(Itcl_HandleInstance+0xf0) [0xf48fe8]
/mnt/apps/cadence/XCELIUM2303/tools.lnx86/simvision/bin/64bit/simvision.exe(TclEvalObjvInternal+0x286) [0xe3fb36]
/mnt/apps/cadence/XCELIUM2303/tools.lnx86/simvision/bin/64bit/simvision.exe() [0xe66f1f]
/mnt/apps/cadence/XCELIUM2303/tools.lnx86/simvision/bin/64bit/simvision.exe(TclCompEvalObj+0xf0) [0xe6acf0]
/mnt/apps/cadence/XCELIUM2303/tools.lnx86/simvision/bin/64bit/simvision.exe(Tcl_EvalObjEx+0xb6) [0xe41ac6]
/mnt/apps/cadence/XCELIUM2303/tools.lnx86/simvision/bin/64bit/simvision.exe() [0xe852fe]
/mnt/apps/cadence/XCELIUM2303/tools.lnx86/simvision/bin/64bit/simvision.exe(Tcl_NamespaceObjCmd+0x3de) [0xe870fe]
/mnt/apps/cadence/XCELIUM2303/tools.lnx86/simvision/bin/64bit/simvision.exe(TclEvalObjvInternal+0x286) [0xe3fb36]
/mnt/apps/cadence/XCELIUM2303/tools.lnx86/simvision/bin/64bit/simvision.exe(Tcl_EvalEx+0x468) [0xe41348]
/mnt/apps/cadence/XCELIUM2303/tools.lnx86/simvision/bin/64bit/simvision.exe(Tcl_EvalObjEx+0x62) [0xe41a72]
/mnt/apps/cadence/XCELIUM2303/tools.lnx86/simvision/bin/64bit/simvision.exe(Tcl_UplevelObjCmd+0xe0) [0xe90450]
/mnt/apps/cadence/XCELIUM2303/tools.lnx86/simvision/bin/64bit/simvision.exe(TclEvalObjvInternal+0x286) [0xe3fb36]
/mnt/apps/cadence/XCELIUM2303/tools.lnx86/simvision/bin/64bit/simvision.exe() [0xe66f1f]
/mnt/apps/cadence/XCELIUM2303/tools.lnx86/simvision/bin/64bit/simvision.exe(TclCompEvalObj+0xf0) [0xe6acf0]
/mnt/apps/cadence/XCELIUM2303/tools.lnx86/simvision/bin/64bit/simvision.exe(TclObjInterpProc+0x1f9) [0xe90909]
/mnt/apps/cadence/XCELIUM2303/tools.lnx86/simvision/bin/64bit/simvision.exe(TclEvalObjvInternal+0x286) [0xe3fb36]
/mnt/apps/cadence/XCELIUM2303/tools.lnx86/simvision/bin/64bit/simvision.exe(Tcl_EvalEx+0x468) [0xe41348]
/mnt/apps/cadence/XCELIUM2303/tools.lnx86/simvision/bin/64bit/simvision.exe(Tk_BindEvent+0x1252) [0xebbdbf]
/mnt/apps/cadence/XCELIUM2303/tools.lnx86/simvision/bin/64bit/simvision.exe(TkBindEventProc+0x7d) [0xebcfcb]
/mnt/apps/cadence/XCELIUM2303/tools.lnx86/simvision/bin/64bit/simvision.exe(Tk_HandleEvent+0x796) [0xec2a8e]
/mnt/apps/cadence/XCELIUM2303/tools.lnx86/simvision/bin/64bit/simvision.exe() [0xec2b11]
/mnt/apps/cadence/XCELIUM2303/tools.lnx86/simvision/bin/64bit/simvision.exe(Tcl_ServiceEvent+0x69) [0xe87d89]
/mnt/apps/cadence/XCELIUM2303/tools.lnx86/simvision/bin/64bit/simvision.exe(Tcl_DoOneEvent+0x95) [0xe87fe5]
/mnt/apps/cadence/XCELIUM2303/tools.lnx86/simvision/bin/64bit/simvision.exe(Tk_MainLoop+0x17) [0xec2faf]
/mnt/apps/cadence/XCELIUM2303/tools.lnx86/simvision/bin/64bit/simvision.exe(Tcl_AppInit+0xf8b) [0x59cb37]
/mnt/apps/cadence/XCELIUM2303/tools.lnx86/simvision/bin/64bit/simvision.exe(Pro_WrapTkMain+0x37c) [0x5a5f70]
/mnt/apps/cadence/XCELIUM2303/tools.lnx86/simvision/bin/64bit/simvision.exe(main+0xd0) [0x59983d]
/lib64/libc.so.6(__libc_start_main+0xf5) [0x7f7a28fca555]
/mnt/apps/cadence/XCELIUM2303/tools.lnx86/simvision/bin/64bit/simvision.exe() [0x58e916]
