xrun(64): 23.03-s004: (c) Copyright 1995-2023 Cadence Design Systems, Inc.
TOOL:	xrun(64)	23.03-s004: Started on Dec 18, 2023 at 18:21:17 IST
xrun
	-clean
	-uvm
	-64bit
	-unbuffered
	-timescale 1ns/1ps
	-sysv
	-access +rw
	-uvmhome CDNS-1.2
	-f /mnt/apps/myshare/edens/WS_l3l4cs0/l3l4cs/dv/dfile/dfile_tb
		-f /mnt/apps/myshare/edens/WS_l3l4cs0/GK_IPs/verif/ce_base/dfile/dfile
			-f /mnt/apps/myshare/edens/WS_l3l4cs0/GK_IPs/verif/gk_base/dfile/dfile
				+incdir+/mnt/apps/myshare/edens/WS_l3l4cs0/GK_IPs/verif/gk_base/
				+incdir+/mnt/apps/myshare/edens/WS_l3l4cs0/GK_IPs/verif/gk_base/src/
				+incdir+/mnt/apps/myshare/edens/WS_l3l4cs0/GK_IPs/verif/gk_base/src/agents/
				+incdir+/mnt/apps/myshare/edens/WS_l3l4cs0/GK_IPs/verif/gk_base/src/
				/mnt/apps/myshare/edens/WS_l3l4cs0/GK_IPs/verif/gk_base/gk_base_macros.sv
				/mnt/apps/myshare/edens/WS_l3l4cs0/GK_IPs/verif/gk_base/gk_base_defines.sv
				/mnt/apps/myshare/edens/WS_l3l4cs0/GK_IPs/verif/gk_base/src/gk_base_modules.sv
				/mnt/apps/myshare/edens/WS_l3l4cs0/GK_IPs/verif/gk_base/src/agents/gk_base_if.sv
				/mnt/apps/myshare/edens/WS_l3l4cs0/GK_IPs/verif/gk_base/src/gk_base_global_pkg.sv
				/mnt/apps/myshare/edens/WS_l3l4cs0/GK_IPs/verif/gk_base/gk_base_types_pkg.sv
				/mnt/apps/myshare/edens/WS_l3l4cs0/GK_IPs/verif/gk_base/gk_base_pkg.sv
			+incdir+/mnt/apps/myshare/edens/WS_l3l4cs0/GK_IPs/verif/ce_base/
			+incdir+/mnt/apps/myshare/edens/WS_l3l4cs0/GK_IPs/verif/ce_base/src/
			+incdir+/mnt/apps/myshare/edens/WS_l3l4cs0/GK_IPs/verif/ce_base/src/agents/
			/mnt/apps/myshare/edens/WS_l3l4cs0/GK_IPs/verif/ce_base/ce_base_macros.sv
			/mnt/apps/myshare/edens/WS_l3l4cs0/GK_IPs/verif/ce_base/src/agents/ce_base_if.sv
			/mnt/apps/myshare/edens/WS_l3l4cs0/GK_IPs/verif/ce_base/src/ce_base_global_pkg.sv
			/mnt/apps/myshare/edens/WS_l3l4cs0/GK_IPs/verif/ce_base/ce_base_types_pkg.sv
			/mnt/apps/myshare/edens/WS_l3l4cs0/GK_IPs/verif/ce_base/ce_base_pkg.sv
		-f /mnt/apps/myshare/edens/WS_l3l4cs0///l3l4cs/rtl/dfile/dfile
			/mnt/apps/myshare/edens/WS_l3l4cs0///l3l4cs/rtl/src/axi_stream_if.sv
			/mnt/apps/myshare/edens/WS_l3l4cs0///l3l4cs/rtl/src/l4_marker_pkg.sv
			/mnt/apps/myshare/edens/WS_l3l4cs0///l3l4cs/rtl/src/L3L4CS.sv
		-f /mnt/apps/myshare/edens/WS_l3l4cs0///l3l4cs/rtl/dfile/dfile_tb
			/mnt/apps/myshare/edens/WS_l3l4cs0///l3l4cs/dv/tb/l3l4cs_tb.sv
		-f /mnt/apps/myshare/edens/WS_l3l4cs0///l3l4cs/dv/dfile/dfile
			-f /mnt/apps/myshare/edens/WS_l3l4cs0/GK_IPs/verif/axis_vwrp/dfile
				-f /mnt/apps/myshare/edens/WS_l3l4cs0/GK_IPs/verif/eth_p_agent/dfile
					-f /mnt/apps/myshare/edens/WS_l3l4cs0/GK_IPs/verif/eth_vip/dfile
						-f /mnt/apps/myshare/edens/WS_l3l4cs0/GK_IPs/verif/axis_vip/dfile
							-f /mnt/apps/myshare/edens/WS_l3l4cs0/GK_IPs/verif/gk_axi_vip/dfile
								-f /mnt/apps/myshare/edens/WS_l3l4cs0/GK_IPs/verif/gk_base/dfile/dfile
									+incdir+/mnt/apps/myshare/edens/WS_l3l4cs0/GK_IPs/verif/gk_base/
									+incdir+/mnt/apps/myshare/edens/WS_l3l4cs0/GK_IPs/verif/gk_base/src/
									+incdir+/mnt/apps/myshare/edens/WS_l3l4cs0/GK_IPs/verif/gk_base/src/agents/
									+incdir+/mnt/apps/myshare/edens/WS_l3l4cs0/GK_IPs/verif/gk_base/src/
									/mnt/apps/myshare/edens/WS_l3l4cs0/GK_IPs/verif/gk_base/gk_base_macros.sv
									/mnt/apps/myshare/edens/WS_l3l4cs0/GK_IPs/verif/gk_base/gk_base_defines.sv
									/mnt/apps/myshare/edens/WS_l3l4cs0/GK_IPs/verif/gk_base/src/gk_base_modules.sv
									/mnt/apps/myshare/edens/WS_l3l4cs0/GK_IPs/verif/gk_base/src/agents/gk_base_if.sv
									/mnt/apps/myshare/edens/WS_l3l4cs0/GK_IPs/verif/gk_base/src/gk_base_global_pkg.sv
									/mnt/apps/myshare/edens/WS_l3l4cs0/GK_IPs/verif/gk_base/gk_base_types_pkg.sv
									/mnt/apps/myshare/edens/WS_l3l4cs0/GK_IPs/verif/gk_base/gk_base_pkg.sv
								+incdir+/mnt/apps/myshare/edens/WS_l3l4cs0/GK_IPs/verif/gk_axi_vip/
								/mnt/apps/myshare/edens/WS_l3l4cs0/GK_IPs/verif/gk_axi_vip/gk_axi_vip_types_pkg.sv
								/mnt/apps/myshare/edens/WS_l3l4cs0/GK_IPs/verif/gk_axi_vip/gk_axi_vip_pkg.sv
								/mnt/apps/myshare/edens/WS_l3l4cs0/GK_IPs/verif/gk_axi_vip/gk_axi_vip_if.sv
							+incdir+/mnt/apps/myshare/edens/WS_l3l4cs0/GK_IPs/verif/axis_vip/
							/mnt/apps/myshare/edens/WS_l3l4cs0/GK_IPs/verif/axis_vip/axis_vip_types_pkg.sv
							/mnt/apps/myshare/edens/WS_l3l4cs0/GK_IPs/verif/axis_vip/axis_vip_pkg.sv
							/mnt/apps/myshare/edens/WS_l3l4cs0/GK_IPs/verif/axis_vip/axis_vip_if.sv
						+incdir+/mnt/apps/myshare/edens/WS_l3l4cs0/GK_IPs/verif/eth_vip/
						/mnt/apps/myshare/edens/WS_l3l4cs0/GK_IPs/verif/eth_vip/eth_vip_defines.sv
						/mnt/apps/myshare/edens/WS_l3l4cs0/GK_IPs/verif/eth_vip/eth_vip_types_pkg.sv
						/mnt/apps/myshare/edens/WS_l3l4cs0/GK_IPs/verif/eth_vip/eth_vip_pkg.sv
						/mnt/apps/myshare/edens/WS_l3l4cs0/GK_IPs/verif/eth_vip/eth_vip_if.sv
					+incdir+/mnt/apps/myshare/edens/WS_l3l4cs0/GK_IPs/verif/eth_p_agent/
					/mnt/apps/myshare/edens/WS_l3l4cs0/GK_IPs/verif/eth_p_agent/eth_p_agent_types_pkg.sv
					/mnt/apps/myshare/edens/WS_l3l4cs0/GK_IPs/verif/eth_p_agent/eth_p_agent_pkg.sv
				-f /mnt/apps/myshare/edens/WS_l3l4cs0/GK_IPs/verif/axis_vip/dfile
					-f /mnt/apps/myshare/edens/WS_l3l4cs0/GK_IPs/verif/gk_axi_vip/dfile
						-f /mnt/apps/myshare/edens/WS_l3l4cs0/GK_IPs/verif/gk_base/dfile/dfile
							+incdir+/mnt/apps/myshare/edens/WS_l3l4cs0/GK_IPs/verif/gk_base/
							+incdir+/mnt/apps/myshare/edens/WS_l3l4cs0/GK_IPs/verif/gk_base/src/
							+incdir+/mnt/apps/myshare/edens/WS_l3l4cs0/GK_IPs/verif/gk_base/src/agents/
							+incdir+/mnt/apps/myshare/edens/WS_l3l4cs0/GK_IPs/verif/gk_base/src/
							/mnt/apps/myshare/edens/WS_l3l4cs0/GK_IPs/verif/gk_base/gk_base_macros.sv
							/mnt/apps/myshare/edens/WS_l3l4cs0/GK_IPs/verif/gk_base/gk_base_defines.sv
							/mnt/apps/myshare/edens/WS_l3l4cs0/GK_IPs/verif/gk_base/src/gk_base_modules.sv
							/mnt/apps/myshare/edens/WS_l3l4cs0/GK_IPs/verif/gk_base/src/agents/gk_base_if.sv
							/mnt/apps/myshare/edens/WS_l3l4cs0/GK_IPs/verif/gk_base/src/gk_base_global_pkg.sv
							/mnt/apps/myshare/edens/WS_l3l4cs0/GK_IPs/verif/gk_base/gk_base_types_pkg.sv
							/mnt/apps/myshare/edens/WS_l3l4cs0/GK_IPs/verif/gk_base/gk_base_pkg.sv
						+incdir+/mnt/apps/myshare/edens/WS_l3l4cs0/GK_IPs/verif/gk_axi_vip/
						/mnt/apps/myshare/edens/WS_l3l4cs0/GK_IPs/verif/gk_axi_vip/gk_axi_vip_types_pkg.sv
						/mnt/apps/myshare/edens/WS_l3l4cs0/GK_IPs/verif/gk_axi_vip/gk_axi_vip_pkg.sv
						/mnt/apps/myshare/edens/WS_l3l4cs0/GK_IPs/verif/gk_axi_vip/gk_axi_vip_if.sv
					+incdir+/mnt/apps/myshare/edens/WS_l3l4cs0/GK_IPs/verif/axis_vip/
					/mnt/apps/myshare/edens/WS_l3l4cs0/GK_IPs/verif/axis_vip/axis_vip_types_pkg.sv
					/mnt/apps/myshare/edens/WS_l3l4cs0/GK_IPs/verif/axis_vip/axis_vip_pkg.sv
					/mnt/apps/myshare/edens/WS_l3l4cs0/GK_IPs/verif/axis_vip/axis_vip_if.sv
				+incdir+/mnt/apps/myshare/edens/WS_l3l4cs0/GK_IPs/verif/axis_vwrp/
				/mnt/apps/myshare/edens/WS_l3l4cs0/GK_IPs/verif/axis_vwrp/axis_vwrp_types_pkg.sv
				/mnt/apps/myshare/edens/WS_l3l4cs0/GK_IPs/verif/axis_vwrp/axis_vwrp_pkg.sv
				/mnt/apps/myshare/edens/WS_l3l4cs0/GK_IPs/verif/axis_vwrp/axis_vwrp_if.sv
			+incdir+/mnt/apps/myshare/edens/WS_l3l4cs0///l3l4cs/dv/tb
			+incdir+/mnt/apps/myshare/edens/WS_l3l4cs0///l3l4cs/dv/src/
			+incdir+/mnt/apps/myshare/edens/WS_l3l4cs0///l3l4cs/dv/src/agents/
			+incdir+/mnt/apps/myshare/edens/WS_l3l4cs0///l3l4cs/dv/tests/
			+incdir+/mnt/apps/myshare/edens/WS_l3l4cs0///l3l4cs/dv/tests/direct
			+incdir+/mnt/apps/myshare/edens/WS_l3l4cs0///l3l4cs/dv/tests/random
			+incdir+/mnt/apps/myshare/edens/WS_l3l4cs0///l3l4cs/dv/src/agents/l3l4cs_cs_agent
			+incdir+/mnt/apps/myshare/edens/WS_l3l4cs0///l3l4cs/dv/src/agents/l3l4cs_axis_wrap
			/mnt/apps/myshare/edens/WS_l3l4cs0///l3l4cs/dv/src/l3l4cs_defines.sv
			/mnt/apps/myshare/edens/WS_l3l4cs0///l3l4cs/dv/src/l3l4cs_macros.sv
			/mnt/apps/myshare/edens/WS_l3l4cs0///l3l4cs/dv/src/l3l4cs_global_pkg.sv
			/mnt/apps/myshare/edens/WS_l3l4cs0///l3l4cs/dv/src/agents/l3l4cs_cs_agent/l3l4cs_cs_agent_types_pkg.sv
			/mnt/apps/myshare/edens/WS_l3l4cs0///l3l4cs/dv/src/agents/l3l4cs_cs_agent/l3l4cs_cs_agent_pkg.sv
			/mnt/apps/myshare/edens/WS_l3l4cs0///l3l4cs/dv/src/agents/l3l4cs_axis_wrap/l3l4cs_axis_wrap_types_pkg.sv
			/mnt/apps/myshare/edens/WS_l3l4cs0///l3l4cs/dv/src/agents/l3l4cs_axis_wrap/l3l4cs_axis_wrap_pkg.sv
			/mnt/apps/myshare/edens/WS_l3l4cs0///l3l4cs/dv/src/l3l4cs_pkg.sv
			/mnt/apps/myshare/edens/WS_l3l4cs0///l3l4cs/dv/tb/l3l4cs_th.sv
			/mnt/apps/myshare/edens/WS_l3l4cs0///l3l4cs/dv/src/agents/l3l4cs_cs_agent/l3l4cs_cs_agent_if.sv
			/mnt/apps/myshare/edens/WS_l3l4cs0///l3l4cs/dv/src/agents/l3l4cs_axis_wrap/l3l4cs_axis_wrap_if.sv
			/mnt/apps/myshare/edens/WS_l3l4cs0///l3l4cs/dv/tests/l3l4cs_tests_pkg.sv
	-logfile my_log__seed0.log
	+UVM_TESTNAME=l3l4cs_frames_no_vlan_ipv4_tcp_test
	/mnt/apps/myshare/edens/WS_l3l4cs0/l3l4cs/dv/tb/l3l4cs_tb.sv
	-gui
	-seed 0
	-messages
	-linedebug
	-define SYNCHRONOUS_RESET
	+UVM_NO_SUMMARY
	+UVM_VERBOSITY=UVM_HIGH
	+UVM_TIMEOUT=78000000ns
	-warn_multiple_driver
	-status
	-define UVM_REPORT_DISABLE_FILE_LINE
	-coverage A
	-s

   User defined plus("+") options:
	+UVM_NO_SUMMARY
	+UVM_VERBOSITY=UVM_HIGH
	+UVM_TIMEOUT=78000000ns

xrun: *W,BADPRF: The -linedebug option may have an adverse performance impact.
xrun: *N,SNPREC: The existing contents of the environment SPECMAN_PRE_COMMANDS will only be passed on to the simulation phase (config gen -seed=0;test).
xrun: *N,CLEAN: Removing existing directory ./xcelium.d.
Compiling UVM packages (uvm_pkg.sv cdns_uvm_pkg.sv) using uvmhome location /mnt/apps/cadence/XCELIUM2303/tools/methodology/UVM/CDNS-1.2
xmvlog: Memory Usage - Current physical: 42.9M, Current virtual: 78.5M
xmvlog: CPU Usage - 0.1s system + 0.6s user = 0.8s total (0.8s, 99.0% cpu)
file: /mnt/apps/myshare/edens/WS_l3l4cs0/GK_IPs/verif/gk_base/gk_base_macros.sv
file: /mnt/apps/myshare/edens/WS_l3l4cs0/GK_IPs/verif/gk_base/gk_base_defines.sv
file: /mnt/apps/myshare/edens/WS_l3l4cs0/GK_IPs/verif/gk_base/src/gk_base_modules.sv
        int cyc=CYC-1;
               |
xmvlog: *W,VARIST (/mnt/apps/myshare/edens/WS_l3l4cs0/GK_IPs/verif/gk_base/src/gk_base_modules.sv,25|15): Local static variable with initializer requires 'static' keyword.
	module worklib.ready_gen:sv
		errors: 0, warnings: 1
file: /mnt/apps/myshare/edens/WS_l3l4cs0/GK_IPs/verif/gk_base/src/agents/gk_base_if.sv
	interface worklib.gk_base_if:sv
		errors: 0, warnings: 0
file: /mnt/apps/myshare/edens/WS_l3l4cs0/GK_IPs/verif/gk_base/src/gk_base_global_pkg.sv
	package worklib.gk_base_global_pkg:sv
		errors: 0, warnings: 0
file: /mnt/apps/myshare/edens/WS_l3l4cs0/GK_IPs/verif/gk_base/gk_base_types_pkg.sv
	package worklib.gk_base_types_pkg:sv
		errors: 0, warnings: 0
file: /mnt/apps/myshare/edens/WS_l3l4cs0/GK_IPs/verif/gk_base/gk_base_pkg.sv
	package worklib.gk_base_pkg:sv
		errors: 0, warnings: 0
file: /mnt/apps/myshare/edens/WS_l3l4cs0/GK_IPs/verif/ce_base/ce_base_macros.sv
file: /mnt/apps/myshare/edens/WS_l3l4cs0/GK_IPs/verif/ce_base/src/agents/ce_base_if.sv
	interface worklib.ce_base_if:sv
		errors: 0, warnings: 0
file: /mnt/apps/myshare/edens/WS_l3l4cs0/GK_IPs/verif/ce_base/src/ce_base_global_pkg.sv
	package worklib.ce_base_global_pkg:sv
		errors: 0, warnings: 0
file: /mnt/apps/myshare/edens/WS_l3l4cs0/GK_IPs/verif/ce_base/ce_base_types_pkg.sv
	package worklib.ce_base_types_pkg:sv
		errors: 0, warnings: 0
file: /mnt/apps/myshare/edens/WS_l3l4cs0/GK_IPs/verif/ce_base/ce_base_pkg.sv
	package worklib.ce_base_pkg:sv
		errors: 0, warnings: 0
file: /mnt/apps/myshare/edens/WS_l3l4cs0///l3l4cs/rtl/src/axi_stream_if.sv
	interface worklib.axi_stream_if:sv
		errors: 0, warnings: 0
file: /mnt/apps/myshare/edens/WS_l3l4cs0///l3l4cs/rtl/src/l4_marker_pkg.sv
	package worklib.l4_marker_pkg:sv
		errors: 0, warnings: 0
file: /mnt/apps/myshare/edens/WS_l3l4cs0///l3l4cs/rtl/src/L3L4CS.sv
	module worklib.L3L4CS:sv
		errors: 0, warnings: 0
file: /mnt/apps/myshare/edens/WS_l3l4cs0///l3l4cs/dv/tb/l3l4cs_tb.sv
	module worklib.l3l4cs_tb:sv
		errors: 0, warnings: 0
file: /mnt/apps/myshare/edens/WS_l3l4cs0/GK_IPs/verif/gk_axi_vip/gk_axi_vip_types_pkg.sv
	package worklib.gk_axi_vip_types_pkg:sv
		errors: 0, warnings: 0
file: /mnt/apps/myshare/edens/WS_l3l4cs0/GK_IPs/verif/gk_axi_vip/gk_axi_vip_pkg.sv
	package worklib.gk_axi_vip_pkg:sv
		errors: 0, warnings: 0
file: /mnt/apps/myshare/edens/WS_l3l4cs0/GK_IPs/verif/gk_axi_vip/gk_axi_vip_if.sv
	interface worklib.gk_axi_vip_if:sv
		errors: 0, warnings: 0
file: /mnt/apps/myshare/edens/WS_l3l4cs0/GK_IPs/verif/axis_vip/axis_vip_types_pkg.sv
	package worklib.axis_vip_types_pkg:sv
		errors: 0, warnings: 0
file: /mnt/apps/myshare/edens/WS_l3l4cs0/GK_IPs/verif/axis_vip/axis_vip_pkg.sv
	package worklib.axis_vip_pkg:sv
		errors: 0, warnings: 0
file: /mnt/apps/myshare/edens/WS_l3l4cs0/GK_IPs/verif/axis_vip/axis_vip_if.sv
	interface worklib.axis_vip_if:sv
		errors: 0, warnings: 0
file: /mnt/apps/myshare/edens/WS_l3l4cs0/GK_IPs/verif/eth_vip/eth_vip_defines.sv
file: /mnt/apps/myshare/edens/WS_l3l4cs0/GK_IPs/verif/eth_vip/eth_vip_types_pkg.sv
	package worklib.eth_vip_types_pkg:sv
		errors: 0, warnings: 0
file: /mnt/apps/myshare/edens/WS_l3l4cs0/GK_IPs/verif/eth_vip/eth_vip_pkg.sv
	package worklib.eth_vip_pkg:sv
		errors: 0, warnings: 0
file: /mnt/apps/myshare/edens/WS_l3l4cs0/GK_IPs/verif/eth_vip/eth_vip_if.sv
	interface worklib.eth_vip_if:sv
		errors: 0, warnings: 0
file: /mnt/apps/myshare/edens/WS_l3l4cs0/GK_IPs/verif/eth_p_agent/eth_p_agent_types_pkg.sv
	package worklib.eth_p_agent_types_pkg:sv
		errors: 0, warnings: 0
file: /mnt/apps/myshare/edens/WS_l3l4cs0/GK_IPs/verif/eth_p_agent/eth_p_agent_pkg.sv
	package worklib.eth_p_agent_pkg:sv
		errors: 0, warnings: 0
file: /mnt/apps/myshare/edens/WS_l3l4cs0/GK_IPs/verif/axis_vwrp/axis_vwrp_types_pkg.sv
	package worklib.axis_vwrp_types_pkg:sv
		errors: 0, warnings: 0
file: /mnt/apps/myshare/edens/WS_l3l4cs0/GK_IPs/verif/axis_vwrp/axis_vwrp_pkg.sv
	package worklib.axis_vwrp_pkg:sv
		errors: 0, warnings: 0
file: /mnt/apps/myshare/edens/WS_l3l4cs0/GK_IPs/verif/axis_vwrp/axis_vwrp_if.sv
	interface worklib.axis_vwrp_if:sv
		errors: 0, warnings: 0
file: /mnt/apps/myshare/edens/WS_l3l4cs0///l3l4cs/dv/src/l3l4cs_defines.sv
file: /mnt/apps/myshare/edens/WS_l3l4cs0///l3l4cs/dv/src/l3l4cs_macros.sv
file: /mnt/apps/myshare/edens/WS_l3l4cs0///l3l4cs/dv/src/l3l4cs_global_pkg.sv
	package worklib.l3l4cs_global_pkg:sv
		errors: 0, warnings: 0
file: /mnt/apps/myshare/edens/WS_l3l4cs0///l3l4cs/dv/src/agents/l3l4cs_cs_agent/l3l4cs_cs_agent_types_pkg.sv
	package worklib.l3l4cs_cs_agent_types_pkg:sv
		errors: 0, warnings: 0
file: /mnt/apps/myshare/edens/WS_l3l4cs0///l3l4cs/dv/src/agents/l3l4cs_cs_agent/l3l4cs_cs_agent_pkg.sv
	package worklib.l3l4cs_cs_agent_pkg:sv
		errors: 0, warnings: 0
file: /mnt/apps/myshare/edens/WS_l3l4cs0///l3l4cs/dv/src/agents/l3l4cs_axis_wrap/l3l4cs_axis_wrap_types_pkg.sv
	package worklib.l3l4cs_axis_wrap_types_pkg:sv
		errors: 0, warnings: 0
file: /mnt/apps/myshare/edens/WS_l3l4cs0///l3l4cs/dv/src/agents/l3l4cs_axis_wrap/l3l4cs_axis_wrap_pkg.sv
	package worklib.l3l4cs_axis_wrap_pkg:sv
		errors: 0, warnings: 0
file: /mnt/apps/myshare/edens/WS_l3l4cs0///l3l4cs/dv/src/l3l4cs_pkg.sv
   task wait_Xclk(int x);
                      |
xmvlog: *W,CVMMDG (/mnt/apps/myshare/edens/WS_l3l4cs0//l3l4cs/dv/src/l3l4cs_config.sv,164|22): Virtual method 'l3l4cs_config::wait_Xclk' is missing default argument value present in base class 'gk_base_config', so argument will be garbage if omitted.  This will become an error in next release.
	package worklib.l3l4cs_pkg:sv
		errors: 0, warnings: 1
file: /mnt/apps/myshare/edens/WS_l3l4cs0///l3l4cs/dv/tb/l3l4cs_th.sv
	module worklib.l3l4cs_th:sv
		errors: 0, warnings: 0
file: /mnt/apps/myshare/edens/WS_l3l4cs0///l3l4cs/dv/src/agents/l3l4cs_cs_agent/l3l4cs_cs_agent_if.sv
	interface worklib.cs_agent_if:sv
		errors: 0, warnings: 0
file: /mnt/apps/myshare/edens/WS_l3l4cs0///l3l4cs/dv/src/agents/l3l4cs_axis_wrap/l3l4cs_axis_wrap_if.sv
	interface worklib.axis_wrap_if:sv
		errors: 0, warnings: 0
file: /mnt/apps/myshare/edens/WS_l3l4cs0///l3l4cs/dv/tests/l3l4cs_tests_pkg.sv
file: /mnt/apps/myshare/edens/WS_l3l4cs0/l3l4cs/dv/tb/l3l4cs_tb.sv
  module l3l4cs_tb;
                 |
xmvlog: *W,RECOME (/mnt/apps/myshare/edens/WS_l3l4cs0/l3l4cs/dv/tb/l3l4cs_tb.sv,1|17): recompiling design unit worklib.l3l4cs_tb:sv.
	First compiled from line 1 of /mnt/apps/myshare/edens/WS_l3l4cs0///l3l4cs/dv/tb/l3l4cs_tb.sv.
	module worklib.l3l4cs_tb:sv
		errors: 0, warnings: 1
  eth_p_agent_driver::type_id::set_type_override(eth_cs_agent_driver::get_type());
                   |
xmvlog: *W,NOUNAD (/mnt/apps/myshare/edens/WS_l3l4cs0//l3l4cs/dv/tests/direct/l3l4cs_frames_no_vlan_ipv4_tcp_test.sv,86|19): This unadorned reference to a parameterized class (eth_p_agent_driver) is not legal. A class specialization of '#()' is assumed.
  eth_p_agent_driver::type_id::set_type_override(eth_cs_agent_driver::get_type());
                                                                   |
xmvlog: *W,NOUNAD (/mnt/apps/myshare/edens/WS_l3l4cs0//l3l4cs/dv/tests/direct/l3l4cs_frames_no_vlan_ipv4_tcp_test.sv,86|67): This unadorned reference to a parameterized class (eth_cs_agent_driver) is not legal. A class specialization of '#()' is assumed.
  eth_p_agent_data_seq::type_id::set_type_override(l3l4cs_frames_no_vlan_ipv4_tcp_test_eth_data_seq::get_type());
                     |
xmvlog: *W,NOUNAD (/mnt/apps/myshare/edens/WS_l3l4cs0//l3l4cs/dv/tests/direct/l3l4cs_frames_no_vlan_ipv4_tcp_test.sv,87|21): This unadorned reference to a parameterized class (eth_p_agent_data_seq) is not legal. A class specialization of '#()' is assumed.
  eth_p_agent_driver::type_id::set_type_override(eth_cs_agent_driver::get_type());
                   |
xmvlog: *W,NOUNAD (/mnt/apps/myshare/edens/WS_l3l4cs0//l3l4cs/dv/tests/direct/l3l4cs_frames_no_vlan_ipv4_udp_test.sv,87|19): This unadorned reference to a parameterized class (eth_p_agent_driver) is not legal. A class specialization of '#()' is assumed.
  eth_p_agent_driver::type_id::set_type_override(eth_cs_agent_driver::get_type());
                                                                   |
xmvlog: *W,NOUNAD (/mnt/apps/myshare/edens/WS_l3l4cs0//l3l4cs/dv/tests/direct/l3l4cs_frames_no_vlan_ipv4_udp_test.sv,87|67): This unadorned reference to a parameterized class (eth_cs_agent_driver) is not legal. A class specialization of '#()' is assumed.
  eth_p_agent_data_seq::type_id::set_type_override(l3l4cs_frames_no_vlan_ipv4_udp_test_eth_data_seq::get_type());
                     |
xmvlog: *W,NOUNAD (/mnt/apps/myshare/edens/WS_l3l4cs0//l3l4cs/dv/tests/direct/l3l4cs_frames_no_vlan_ipv4_udp_test.sv,88|21): This unadorned reference to a parameterized class (eth_p_agent_data_seq) is not legal. A class specialization of '#()' is assumed.
  eth_p_agent_driver::type_id::set_type_override(eth_cs_agent_driver::get_type());
                   |
xmvlog: *W,NOUNAD (/mnt/apps/myshare/edens/WS_l3l4cs0//l3l4cs/dv/tests/direct/l3l4cs_frames_with_vlan_ipv4_tcp_test.sv,86|19): This unadorned reference to a parameterized class (eth_p_agent_driver) is not legal. A class specialization of '#()' is assumed.
  eth_p_agent_driver::type_id::set_type_override(eth_cs_agent_driver::get_type());
                                                                   |
xmvlog: *W,NOUNAD (/mnt/apps/myshare/edens/WS_l3l4cs0//l3l4cs/dv/tests/direct/l3l4cs_frames_with_vlan_ipv4_tcp_test.sv,86|67): This unadorned reference to a parameterized class (eth_cs_agent_driver) is not legal. A class specialization of '#()' is assumed.
  eth_p_agent_data_seq::type_id::set_type_override(l3l4cs_frames_with_vlan_ipv4_tcp_test_eth_data_seq::get_type());
                     |
xmvlog: *W,NOUNAD (/mnt/apps/myshare/edens/WS_l3l4cs0//l3l4cs/dv/tests/direct/l3l4cs_frames_with_vlan_ipv4_tcp_test.sv,87|21): This unadorned reference to a parameterized class (eth_p_agent_data_seq) is not legal. A class specialization of '#()' is assumed.
  eth_p_agent_driver::type_id::set_type_override(eth_cs_agent_driver::get_type());
                   |
xmvlog: *W,NOUNAD (/mnt/apps/myshare/edens/WS_l3l4cs0//l3l4cs/dv/tests/direct/l3l4cs_frames_with_vlan_ipv4_udp_test.sv,87|19): This unadorned reference to a parameterized class (eth_p_agent_driver) is not legal. A class specialization of '#()' is assumed.
  eth_p_agent_driver::type_id::set_type_override(eth_cs_agent_driver::get_type());
                                                                   |
xmvlog: *W,NOUNAD (/mnt/apps/myshare/edens/WS_l3l4cs0//l3l4cs/dv/tests/direct/l3l4cs_frames_with_vlan_ipv4_udp_test.sv,87|67): This unadorned reference to a parameterized class (eth_cs_agent_driver) is not legal. A class specialization of '#()' is assumed.
  eth_p_agent_data_seq::type_id::set_type_override(l3l4cs_frames_with_vlan_ipv4_udp_test_eth_data_seq::get_type());
                     |
xmvlog: *W,NOUNAD (/mnt/apps/myshare/edens/WS_l3l4cs0//l3l4cs/dv/tests/direct/l3l4cs_frames_with_vlan_ipv4_udp_test.sv,88|21): This unadorned reference to a parameterized class (eth_p_agent_data_seq) is not legal. A class specialization of '#()' is assumed.
    eth_p_agent_driver::type_id::set_type_override(eth_cs_agent_driver::get_type());
                     |
xmvlog: *W,NOUNAD (/mnt/apps/myshare/edens/WS_l3l4cs0//l3l4cs/dv/tests/direct/l3l4cs_length_error_test.sv,84|21): This unadorned reference to a parameterized class (eth_p_agent_driver) is not legal. A class specialization of '#()' is assumed.
    eth_p_agent_driver::type_id::set_type_override(eth_cs_agent_driver::get_type());
                                                                     |
xmvlog: *W,NOUNAD (/mnt/apps/myshare/edens/WS_l3l4cs0//l3l4cs/dv/tests/direct/l3l4cs_length_error_test.sv,84|69): This unadorned reference to a parameterized class (eth_cs_agent_driver) is not legal. A class specialization of '#()' is assumed.
    eth_p_agent_data_seq::type_id::set_type_override(l3l4cs_length_error_test_eth_data_seq::get_type());
                       |
xmvlog: *W,NOUNAD (/mnt/apps/myshare/edens/WS_l3l4cs0//l3l4cs/dv/tests/direct/l3l4cs_length_error_test.sv,85|23): This unadorned reference to a parameterized class (eth_p_agent_data_seq) is not legal. A class specialization of '#()' is assumed.
    eth_p_agent_driver::type_id::set_type_override(eth_cs_agent_driver::get_type());
                     |
xmvlog: *W,NOUNAD (/mnt/apps/myshare/edens/WS_l3l4cs0//l3l4cs/dv/tests/direct/l3l4cs_non_ip_test.sv,80|21): This unadorned reference to a parameterized class (eth_p_agent_driver) is not legal. A class specialization of '#()' is assumed.
    eth_p_agent_driver::type_id::set_type_override(eth_cs_agent_driver::get_type());
                                                                     |
xmvlog: *W,NOUNAD (/mnt/apps/myshare/edens/WS_l3l4cs0//l3l4cs/dv/tests/direct/l3l4cs_non_ip_test.sv,80|69): This unadorned reference to a parameterized class (eth_cs_agent_driver) is not legal. A class specialization of '#()' is assumed.
    eth_p_agent_data_seq::type_id::set_type_override(l3l4cs_non_ip_test_eth_data_seq::get_type());
                       |
xmvlog: *W,NOUNAD (/mnt/apps/myshare/edens/WS_l3l4cs0//l3l4cs/dv/tests/direct/l3l4cs_non_ip_test.sv,81|23): This unadorned reference to a parameterized class (eth_p_agent_data_seq) is not legal. A class specialization of '#()' is assumed.
  eth_p_agent_driver::type_id::set_type_override(eth_cs_agent_driver::get_type());
                   |
xmvlog: *W,NOUNAD (/mnt/apps/myshare/edens/WS_l3l4cs0//l3l4cs/dv/tests/direct/l3l4cs_non_tcp_udp_test.sv,80|19): This unadorned reference to a parameterized class (eth_p_agent_driver) is not legal. A class specialization of '#()' is assumed.
  eth_p_agent_driver::type_id::set_type_override(eth_cs_agent_driver::get_type());
                                                                   |
xmvlog: *W,NOUNAD (/mnt/apps/myshare/edens/WS_l3l4cs0//l3l4cs/dv/tests/direct/l3l4cs_non_tcp_udp_test.sv,80|67): This unadorned reference to a parameterized class (eth_cs_agent_driver) is not legal. A class specialization of '#()' is assumed.
  eth_p_agent_data_seq::type_id::set_type_override(l3l4cs_non_tcp_udp_test_eth_data_seq::get_type());
                     |
xmvlog: *W,NOUNAD (/mnt/apps/myshare/edens/WS_l3l4cs0//l3l4cs/dv/tests/direct/l3l4cs_non_tcp_udp_test.sv,81|21): This unadorned reference to a parameterized class (eth_p_agent_data_seq) is not legal. A class specialization of '#()' is assumed.
    eth_p_agent_driver::type_id::set_type_override(eth_cs_agent_driver::get_type());
                     |
xmvlog: *W,NOUNAD (/mnt/apps/myshare/edens/WS_l3l4cs0//l3l4cs/dv/tests/direct/l3l4cs_min_total_len_test.sv,84|21): This unadorned reference to a parameterized class (eth_p_agent_driver) is not legal. A class specialization of '#()' is assumed.
    eth_p_agent_driver::type_id::set_type_override(eth_cs_agent_driver::get_type());
                                                                     |
xmvlog: *W,NOUNAD (/mnt/apps/myshare/edens/WS_l3l4cs0//l3l4cs/dv/tests/direct/l3l4cs_min_total_len_test.sv,84|69): This unadorned reference to a parameterized class (eth_cs_agent_driver) is not legal. A class specialization of '#()' is assumed.
    eth_p_agent_data_seq::type_id::set_type_override(l3l4cs_min_total_len_test_eth_data_seq::get_type());
                       |
xmvlog: *W,NOUNAD (/mnt/apps/myshare/edens/WS_l3l4cs0//l3l4cs/dv/tests/direct/l3l4cs_min_total_len_test.sv,85|23): This unadorned reference to a parameterized class (eth_p_agent_data_seq) is not legal. A class specialization of '#()' is assumed.
    eth_p_agent_driver::type_id::set_type_override(eth_cs_agent_driver::get_type());
                     |
xmvlog: *W,NOUNAD (/mnt/apps/myshare/edens/WS_l3l4cs0//l3l4cs/dv/tests/direct/l3l4cs_max_total_len_jambo_test.sv,84|21): This unadorned reference to a parameterized class (eth_p_agent_driver) is not legal. A class specialization of '#()' is assumed.
    eth_p_agent_driver::type_id::set_type_override(eth_cs_agent_driver::get_type());
                                                                     |
xmvlog: *W,NOUNAD (/mnt/apps/myshare/edens/WS_l3l4cs0//l3l4cs/dv/tests/direct/l3l4cs_max_total_len_jambo_test.sv,84|69): This unadorned reference to a parameterized class (eth_cs_agent_driver) is not legal. A class specialization of '#()' is assumed.
    eth_p_agent_data_seq::type_id::set_type_override(l3l4cs_max_total_len_jambo_test_eth_data_seq::get_type());
                       |
xmvlog: *W,NOUNAD (/mnt/apps/myshare/edens/WS_l3l4cs0//l3l4cs/dv/tests/direct/l3l4cs_max_total_len_jambo_test.sv,85|23): This unadorned reference to a parameterized class (eth_p_agent_data_seq) is not legal. A class specialization of '#()' is assumed.
    eth_p_agent_driver::type_id::set_type_override(eth_cs_agent_driver::get_type());
                     |
xmvlog: *W,NOUNAD (/mnt/apps/myshare/edens/WS_l3l4cs0//l3l4cs/dv/tests/direct/l3l4cs_no_packet_recived_test.sv,77|21): This unadorned reference to a parameterized class (eth_p_agent_driver) is not legal. A class specialization of '#()' is assumed.
    eth_p_agent_driver::type_id::set_type_override(eth_cs_agent_driver::get_type());
                                                                     |
xmvlog: *W,NOUNAD (/mnt/apps/myshare/edens/WS_l3l4cs0//l3l4cs/dv/tests/direct/l3l4cs_no_packet_recived_test.sv,77|69): This unadorned reference to a parameterized class (eth_cs_agent_driver) is not legal. A class specialization of '#()' is assumed.
    eth_p_agent_data_seq::type_id::set_type_override(l3l4cs_no_packet_recived_test_eth_data_seq::get_type());
                       |
xmvlog: *W,NOUNAD (/mnt/apps/myshare/edens/WS_l3l4cs0//l3l4cs/dv/tests/direct/l3l4cs_no_packet_recived_test.sv,78|23): This unadorned reference to a parameterized class (eth_p_agent_data_seq) is not legal. A class specialization of '#()' is assumed.
  eth_p_agent_driver::type_id::set_type_override(eth_cs_agent_driver::get_type());
                   |
xmvlog: *W,NOUNAD (/mnt/apps/myshare/edens/WS_l3l4cs0//l3l4cs/dv/tests/random/l3l4cs_random_testing.sv,102|19): This unadorned reference to a parameterized class (eth_p_agent_driver) is not legal. A class specialization of '#()' is assumed.
  eth_p_agent_driver::type_id::set_type_override(eth_cs_agent_driver::get_type());
                                                                   |
xmvlog: *W,NOUNAD (/mnt/apps/myshare/edens/WS_l3l4cs0//l3l4cs/dv/tests/random/l3l4cs_random_testing.sv,102|67): This unadorned reference to a parameterized class (eth_cs_agent_driver) is not legal. A class specialization of '#()' is assumed.
  eth_p_agent_data_seq::type_id::set_type_override(l3l4cs_random_testing_eth_data_seq::get_type());
                     |
xmvlog: *W,NOUNAD (/mnt/apps/myshare/edens/WS_l3l4cs0//l3l4cs/dv/tests/random/l3l4cs_random_testing.sv,103|21): This unadorned reference to a parameterized class (eth_p_agent_data_seq) is not legal. A class specialization of '#()' is assumed.
  eth_p_agent_driver::type_id::set_type_override(eth_cs_agent_driver::get_type());
                   |
xmvlog: *W,NOUNAD (/mnt/apps/myshare/edens/WS_l3l4cs0//l3l4cs/dv/tests/direct/l3l4cs_corner_testing.sv,114|19): This unadorned reference to a parameterized class (eth_p_agent_driver) is not legal. A class specialization of '#()' is assumed.
  eth_p_agent_driver::type_id::set_type_override(eth_cs_agent_driver::get_type());
                                                                   |
xmvlog: *W,NOUNAD (/mnt/apps/myshare/edens/WS_l3l4cs0//l3l4cs/dv/tests/direct/l3l4cs_corner_testing.sv,114|67): This unadorned reference to a parameterized class (eth_cs_agent_driver) is not legal. A class specialization of '#()' is assumed.
  eth_p_agent_data_seq::type_id::set_type_override(l3l4cs_corner_testing_eth_data_seq::get_type());
                     |
xmvlog: *W,NOUNAD (/mnt/apps/myshare/edens/WS_l3l4cs0//l3l4cs/dv/tests/direct/l3l4cs_corner_testing.sv,115|21): This unadorned reference to a parameterized class (eth_p_agent_data_seq) is not legal. A class specialization of '#()' is assumed.
  eth_p_agent_driver::type_id::set_type_override(eth_cs_agent_driver::get_type());
                   |
xmvlog: *W,NOUNAD (/mnt/apps/myshare/edens/WS_l3l4cs0//l3l4cs/dv/tests/direct/l3l4cs_direct_testing.sv,106|19): This unadorned reference to a parameterized class (eth_p_agent_driver) is not legal. A class specialization of '#()' is assumed.
  eth_p_agent_driver::type_id::set_type_override(eth_cs_agent_driver::get_type());
                                                                   |
xmvlog: *W,NOUNAD (/mnt/apps/myshare/edens/WS_l3l4cs0//l3l4cs/dv/tests/direct/l3l4cs_direct_testing.sv,106|67): This unadorned reference to a parameterized class (eth_cs_agent_driver) is not legal. A class specialization of '#()' is assumed.
  eth_p_agent_data_seq::type_id::set_type_override(l3l4cs_direct_testing_eth_data_seq::get_type());
                     |
xmvlog: *W,NOUNAD (/mnt/apps/myshare/edens/WS_l3l4cs0//l3l4cs/dv/tests/direct/l3l4cs_direct_testing.sv,107|21): This unadorned reference to a parameterized class (eth_p_agent_data_seq) is not legal. A class specialization of '#()' is assumed.
    `constraint_q(L2.L3.F.field[L3V4_PROTOCOL],ETH_UDP)
                                                      |
xmvlog: *E,CNBSEC (/mnt/apps/myshare/edens/WS_l3l4cs0//l3l4cs/dv/tests/direct/l3l4cs_frames_no_vlan_ipv4_tcp_test.sv,21|54): Illegal attempt to bit-select an enumeration constant.
xmvlog: *W,SPDUSD: Include directory /mnt/apps/myshare/edens/WS_l3l4cs0//l3l4cs/dv/src/agents/ given but not used.
	Total errors/warnings found outside modules and primitives:
		errors: 1, warnings: 40
xmvlog: Memory Usage - Current physical: 41.8M, Current virtual: 77.4M
xmvlog: CPU Usage - 0.1s system + 0.5s user = 0.6s total (0.6s, 100.0% cpu)
xrun: *E,VLGERR: An error occurred during parsing.  Review the log file for errors with the code *E and fix those identified problems to proceed.  Exiting with code (status 1).
TOOL:	xrun(64)	23.03-s004: Exiting on Dec 18, 2023 at 18:21:20 IST  (total: 00:00:03)
